<?xml version="1.0" encoding="UTF-8"?>
<!-- Generated by org.testng.reporters.JUnitXMLReporter -->
<testsuite hostname="7-PC" name="Default test" tests="5" failures="0" timestamp="23 Nov 2016 04:00:27 GMT" time="245.238" errors="0">
  <testcase name="loginNormalTest" time="134.847" classname="com.changcai.test.pagetest.LoginTest"/>
  <testcase name="loginNullInput" time="1.633" classname="com.changcai.test.pagetest.LoginTest"/>
  <testcase name="loginWrongTest" time="96.758" classname="com.changcai.test.pagetest.LoginTest"/>
  <testcase name="toForgetPwdLink" time="2.579" classname="com.changcai.test.pagetest.LoginTest"/>
  <testcase name="toRegisterLink" time="2.667" classname="com.changcai.test.pagetest.LoginTest"/>
</testsuite> <!-- Default test -->
