<?xml version="1.0" encoding="UTF-8"?>
<testng-results skipped="0" failed="1" total="1" passed="0">
  <reporter-output>
  </reporter-output>
  <suite name="Default suite" duration-ms="5921" started-at="2016-11-21T09:29:22Z" finished-at="2016-11-21T09:29:28Z">
    <groups>
    </groups>
    <test name="Default test" duration-ms="5921" started-at="2016-11-21T09:29:22Z" finished-at="2016-11-21T09:29:28Z">
      <class name="com.changcai.test.pagetest.BuyDoupoDoPageTest">
        <test-method status="PASS" signature="setUp()[pri:0, instance:com.changcai.test.pagetest.BuyDoupoDoPageTest@1794d431]" name="setUp" is-config="true" duration-ms="2894" started-at="2016-11-21T17:29:22Z" finished-at="2016-11-21T17:29:24Z">
          <reporter-output>
          </reporter-output>
        </test-method> <!-- setUp -->
        <test-method status="PASS" signature="openPage()[pri:0, instance:com.changcai.test.pagetest.BuyDoupoDoPageTest@1794d431]" name="openPage" is-config="true" duration-ms="480" started-at="2016-11-21T17:29:24Z" finished-at="2016-11-21T17:29:25Z">
          <reporter-output>
          </reporter-output>
        </test-method> <!-- openPage -->
        <test-method status="FAIL" signature="checkPrice()[pri:0, instance:com.changcai.test.pagetest.BuyDoupoDoPageTest@1794d431]" name="checkPrice" duration-ms="1298" started-at="2016-11-21T17:29:25Z" finished-at="2016-11-21T17:29:26Z">
          <exception class="java.lang.IllegalArgumentException">
            <message>
              <![CDATA[bound must be positive]]>
            </message>
            <full-stacktrace>
              <![CDATA[java.lang.IllegalArgumentException: bound must be positive
	at java.util.Random.nextInt(Unknown Source)
	at com.changcai.test.pages.BuyDoupoDoPage.getPriceLi(BuyDoupoDoPage.java:62)
	at com.changcai.test.pages.BuyDoupoDoPage.getDataRid(BuyDoupoDoPage.java:71)
	at com.changcai.test.pagetest.BuyDoupoDoPageTest.checkPrice(BuyDoupoDoPageTest.java:33)
	at sun.reflect.NativeMethodAccessorImpl.invoke0(Native Method)
	at sun.reflect.NativeMethodAccessorImpl.invoke(Unknown Source)
	at sun.reflect.DelegatingMethodAccessorImpl.invoke(Unknown Source)
	at java.lang.reflect.Method.invoke(Unknown Source)
	at org.testng.internal.MethodInvocationHelper.invokeMethod(MethodInvocationHelper.java:100)
	at org.testng.internal.Invoker.invokeMethod(Invoker.java:646)
	at org.testng.internal.Invoker.invokeTestMethod(Invoker.java:811)
	at org.testng.internal.Invoker.invokeTestMethods(Invoker.java:1137)
	at org.testng.internal.TestMethodWorker.invokeTestMethods(TestMethodWorker.java:129)
	at org.testng.internal.TestMethodWorker.run(TestMethodWorker.java:112)
	at org.testng.TestRunner.privateRun(TestRunner.java:753)
	at org.testng.TestRunner.run(TestRunner.java:607)
	at org.testng.SuiteRunner.runTest(SuiteRunner.java:368)
	at org.testng.SuiteRunner.runSequentially(SuiteRunner.java:363)
	at org.testng.SuiteRunner.privateRun(SuiteRunner.java:321)
	at org.testng.SuiteRunner.run(SuiteRunner.java:270)
	at org.testng.SuiteRunnerWorker.runSuite(SuiteRunnerWorker.java:52)
	at org.testng.SuiteRunnerWorker.run(SuiteRunnerWorker.java:86)
	at org.testng.TestNG.runSuitesSequentially(TestNG.java:1284)
	at org.testng.TestNG.runSuitesLocally(TestNG.java:1209)
	at org.testng.TestNG.runSuites(TestNG.java:1124)
	at org.testng.TestNG.run(TestNG.java:1096)
	at org.testng.remote.AbstractRemoteTestNG.run(AbstractRemoteTestNG.java:132)
	at org.testng.remote.RemoteTestNG.initAndRun(RemoteTestNG.java:236)
	at org.testng.remote.RemoteTestNG.main(RemoteTestNG.java:81)
]]>
            </full-stacktrace>
          </exception> <!-- java.lang.IllegalArgumentException -->
          <reporter-output>
          </reporter-output>
        </test-method> <!-- checkPrice -->
        <test-method status="PASS" signature="backTo()[pri:0, instance:com.changcai.test.pagetest.BuyDoupoDoPageTest@1794d431]" name="backTo" is-config="true" duration-ms="247" started-at="2016-11-21T17:29:26Z" finished-at="2016-11-21T17:29:27Z">
          <reporter-output>
          </reporter-output>
        </test-method> <!-- backTo -->
        <test-method status="PASS" signature="tearDown()[pri:0, instance:com.changcai.test.pagetest.BuyDoupoDoPageTest@1794d431]" name="tearDown" is-config="true" duration-ms="989" started-at="2016-11-21T17:29:27Z" finished-at="2016-11-21T17:29:28Z">
          <reporter-output>
          </reporter-output>
        </test-method> <!-- tearDown -->
      </class> <!-- com.changcai.test.pagetest.BuyDoupoDoPageTest -->
    </test> <!-- Default test -->
  </suite> <!-- Default suite -->
</testng-results>
